build/app/intermediates/manifest_merge_blame_file/debug/processDebugMainManifest/manifest-merger-blame-debug-report.txt
1<?xml version="1.0" encoding="utf-8"?>
2<manifest xmlns:android="http://schemas.android.com/apk/res/android"
3    package="com.example.cronocourse"
4    android:versionCode="1"
5    android:versionName="1.0.0" >
6
7    <uses-sdk
8        android:minSdkVersion="23"
9        android:targetSdkVersion="35" />
10    <!--
11         The INTERNET permission is required for development. Specifically,
12         the Flutter tool needs it to communicate with the running application
13         to allow setting breakpoints, to provide hot reload, etc.
14    -->
15    <uses-permission android:name="android.permission.INTERNET" />
15-->src/debug/AndroidManifest.xml:6:5-66
15-->src/debug/AndroidManifest.xml:6:22-64
16    <!--
17     Required to query activities that can process text, see:
18         https://developer.android.com/training/package-visibility and
19         https://developer.android.com/reference/android/content/Intent#ACTION_PROCESS_TEXT.
20
21         In particular, this is used by the Flutter engine in io.flutter.plugin.text.ProcessTextPlugin.
22    -->
23    <queries>
23-->src/main/AndroidManifest.xml:39:5-44:15
24        <intent>
24-->src/main/AndroidManifest.xml:40:9-43:18
25            <action android:name="android.intent.action.PROCESS_TEXT" />
25-->src/main/AndroidManifest.xml:41:13-72
25-->src/main/AndroidManifest.xml:41:21-70
26
27            <data android:mimeType="text/plain" />
27-->src/main/AndroidManifest.xml:42:13-50
27-->src/main/AndroidManifest.xml:42:19-48
28        </intent>
29        <!-- Added to check the default browser that will host the AuthFlow. -->
30        <intent>
30-->[com.stripe:financial-connections:20.52.3] AndroidManifest.xml:13:9-17:18
31            <action android:name="android.intent.action.VIEW" />
31-->[com.stripe:financial-connections:20.52.3] AndroidManifest.xml:14:13-65
31-->[com.stripe:financial-connections:20.52.3] AndroidManifest.xml:14:21-62
32
33            <data android:scheme="http" />
33-->src/main/AndroidManifest.xml:42:13-50
34        </intent> <!-- Added to check if Chrome is installed for browser-based payment authentication (e.g. 3DS1). -->
35        <package android:name="com.android.chrome" /> <!-- Needs to be explicitly declared on Android R+ -->
35-->[com.stripe:payments-core:20.52.3] AndroidManifest.xml:11:9-54
35-->[com.stripe:payments-core:20.52.3] AndroidManifest.xml:11:18-51
36        <package android:name="com.google.android.apps.maps" />
36-->[com.google.android.gms:play-services-maps:18.0.2] AndroidManifest.xml:33:9-64
36-->[com.google.android.gms:play-services-maps:18.0.2] AndroidManifest.xml:33:18-61
37    </queries>
38
39    <uses-permission android:name="android.permission.WAKE_LOCK" />
39-->[:firebase_messaging] AndroidManifest.xml:8:5-68
39-->[:firebase_messaging] AndroidManifest.xml:8:22-65
40    <uses-permission android:name="android.permission.ACCESS_NETWORK_STATE" /> <!-- Permissions options for the `notification` group -->
40-->[:firebase_messaging] AndroidManifest.xml:9:5-79
40-->[:firebase_messaging] AndroidManifest.xml:9:22-76
41    <uses-permission android:name="android.permission.POST_NOTIFICATIONS" /> <!-- Required by older versions of Google Play services to create IID tokens -->
41-->[:firebase_messaging] AndroidManifest.xml:11:5-77
41-->[:firebase_messaging] AndroidManifest.xml:11:22-74
42    <uses-permission android:name="com.google.android.c2dm.permission.RECEIVE" />
42-->[com.google.firebase:firebase-messaging:24.1.1] AndroidManifest.xml:26:5-82
42-->[com.google.firebase:firebase-messaging:24.1.1] AndroidManifest.xml:26:22-79
43    <uses-permission android:name="com.google.android.providers.gsf.permission.READ_GSERVICES" />
43-->[com.google.android.recaptcha:recaptcha:18.6.1] AndroidManifest.xml:9:5-98
43-->[com.google.android.recaptcha:recaptcha:18.6.1] AndroidManifest.xml:9:22-95
44
45    <uses-feature
45-->[com.google.android.gms:play-services-maps:18.0.2] AndroidManifest.xml:26:5-28:35
46        android:glEsVersion="0x00020000"
46-->[com.google.android.gms:play-services-maps:18.0.2] AndroidManifest.xml:27:9-41
47        android:required="true" />
47-->[com.google.android.gms:play-services-maps:18.0.2] AndroidManifest.xml:28:9-32
48
49    <permission
49-->[androidx.core:core:1.13.1] AndroidManifest.xml:22:5-24:47
50        android:name="com.example.cronocourse.DYNAMIC_RECEIVER_NOT_EXPORTED_PERMISSION"
50-->[androidx.core:core:1.13.1] AndroidManifest.xml:23:9-81
51        android:protectionLevel="signature" />
51-->[androidx.core:core:1.13.1] AndroidManifest.xml:24:9-44
52
53    <uses-permission android:name="com.example.cronocourse.DYNAMIC_RECEIVER_NOT_EXPORTED_PERMISSION" />
53-->[androidx.core:core:1.13.1] AndroidManifest.xml:26:5-97
53-->[androidx.core:core:1.13.1] AndroidManifest.xml:26:22-94
54
55    <application
56        android:name="android.app.Application"
57        android:appComponentFactory="androidx.core.app.CoreComponentFactory"
57-->[androidx.core:core:1.13.1] AndroidManifest.xml:28:18-86
58        android:debuggable="true"
59        android:extractNativeLibs="false"
60        android:icon="@mipmap/ic_launcher"
61        android:label="cronocourse" >
62        <activity
63            android:name="com.example.cronocourse.MainActivity"
64            android:configChanges="orientation|keyboardHidden|keyboard|screenSize|smallestScreenSize|locale|layoutDirection|fontScale|screenLayout|density|uiMode"
65            android:exported="true"
66            android:hardwareAccelerated="true"
67            android:launchMode="singleTop"
68            android:taskAffinity=""
69            android:theme="@style/LaunchTheme"
70            android:windowSoftInputMode="adjustResize" >
71
72            <!--
73                 Specifies an Android theme to apply to this Activity as soon as
74                 the Android process has started. This theme is visible to the user
75                 while the Flutter UI initializes. After that, this theme continues
76                 to determine the Window background behind the Flutter UI.
77            -->
78            <meta-data
79                android:name="io.flutter.embedding.android.NormalTheme"
80                android:resource="@style/NormalTheme" />
81
82            <intent-filter>
83                <action android:name="android.intent.action.MAIN" />
84
85                <category android:name="android.intent.category.LAUNCHER" />
86            </intent-filter>
87        </activity>
88        <!--
89             Don't delete the meta-data below.
90             This is used by the Flutter tool to generate GeneratedPluginRegistrant.java
91        -->
92        <meta-data
93            android:name="flutterEmbedding"
94            android:value="2" />
95
96        <activity
96-->[com.stripe:financial-connections:20.52.3] AndroidManifest.xml:21:9-65:20
97            android:name="com.stripe.android.financialconnections.FinancialConnectionsSheetRedirectActivity"
97-->[com.stripe:financial-connections:20.52.3] AndroidManifest.xml:22:13-109
98            android:exported="true"
98-->[com.stripe:financial-connections:20.52.3] AndroidManifest.xml:23:13-36
99            android:launchMode="singleTask" >
99-->[com.stripe:financial-connections:20.52.3] AndroidManifest.xml:24:13-44
100            <intent-filter>
100-->[com.stripe:financial-connections:20.52.3] AndroidManifest.xml:25:13-64:29
101                <action android:name="android.intent.action.VIEW" />
101-->[com.stripe:financial-connections:20.52.3] AndroidManifest.xml:14:13-65
101-->[com.stripe:financial-connections:20.52.3] AndroidManifest.xml:14:21-62
102
103                <category android:name="android.intent.category.DEFAULT" />
103-->[com.stripe:financial-connections:20.52.3] AndroidManifest.xml:28:17-76
103-->[com.stripe:financial-connections:20.52.3] AndroidManifest.xml:28:27-73
104                <category android:name="android.intent.category.BROWSABLE" />
104-->[com.stripe:financial-connections:20.52.3] AndroidManifest.xml:29:17-78
104-->[com.stripe:financial-connections:20.52.3] AndroidManifest.xml:29:27-75
105
106                <!-- Returning from app2app: return_url is triggered to reopen web AuthFlow and poll accounts. -->
107                <data
107-->src/main/AndroidManifest.xml:42:13-50
108                    android:host="link-accounts"
109                    android:pathPrefix="/com.example.cronocourse/authentication_return"
110                    android:scheme="stripe-auth" />
111
112                <!-- Returning from app2app: return_url is triggered to reopen native AuthFlow and poll accounts. -->
113                <data
113-->src/main/AndroidManifest.xml:42:13-50
114                    android:host="link-native-accounts"
115                    android:pathPrefix="/com.example.cronocourse/authentication_return"
116                    android:scheme="stripe-auth" />
117
118                <!-- End of web AuthFlow success and cancel URIs that begin with "stripe-auth://link-accounts/{app-id}/...” -->
119                <data
119-->src/main/AndroidManifest.xml:42:13-50
120                    android:host="link-accounts"
121                    android:path="/com.example.cronocourse/success"
122                    android:scheme="stripe-auth" />
123                <data
123-->src/main/AndroidManifest.xml:42:13-50
124                    android:host="link-accounts"
125                    android:path="/com.example.cronocourse/cancel"
126                    android:scheme="stripe-auth" />
127
128                <!-- Opening app2app: Web flow triggers stripe-auth://native-redirect/{app-id}/http://web-that-redirects-to-native -->
129                <data
129-->src/main/AndroidManifest.xml:42:13-50
130                    android:host="native-redirect"
131                    android:pathPrefix="/com.example.cronocourse"
132                    android:scheme="stripe-auth" />
133
134                <!-- Accepts success/cancel/fail URIs that begin with "stripe://auth-redirect” -->
135                <data
135-->src/main/AndroidManifest.xml:42:13-50
136                    android:host="auth-redirect"
137                    android:pathPrefix="/com.example.cronocourse"
138                    android:scheme="stripe" />
139            </intent-filter>
140        </activity>
141        <activity
141-->[com.stripe:financial-connections:20.52.3] AndroidManifest.xml:66:9-69:77
142            android:name="com.stripe.android.financialconnections.FinancialConnectionsSheetActivity"
142-->[com.stripe:financial-connections:20.52.3] AndroidManifest.xml:67:13-101
143            android:exported="false"
143-->[com.stripe:financial-connections:20.52.3] AndroidManifest.xml:68:13-37
144            android:theme="@style/StripeFinancialConnectionsDefaultTheme" />
144-->[com.stripe:financial-connections:20.52.3] AndroidManifest.xml:69:13-74
145        <activity
145-->[com.stripe:financial-connections:20.52.3] AndroidManifest.xml:70:9-74:58
146            android:name="com.stripe.android.financialconnections.ui.FinancialConnectionsSheetNativeActivity"
146-->[com.stripe:financial-connections:20.52.3] AndroidManifest.xml:71:13-110
147            android:exported="false"
147-->[com.stripe:financial-connections:20.52.3] AndroidManifest.xml:72:13-37
148            android:theme="@style/StripeFinancialConnectionsDefaultTheme"
148-->[com.stripe:financial-connections:20.52.3] AndroidManifest.xml:73:13-74
149            android:windowSoftInputMode="adjustResize" />
149-->[com.stripe:financial-connections:20.52.3] AndroidManifest.xml:74:13-55
150
151        <service
151-->[:firebase_auth] AndroidManifest.xml:8:9-12:19
152            android:name="com.google.firebase.components.ComponentDiscoveryService"
152-->[:firebase_auth] AndroidManifest.xml:8:18-89
153            android:directBootAware="true"
153-->[com.google.firebase:firebase-common:21.0.0] AndroidManifest.xml:32:13-43
154            android:exported="false" >
154-->[com.google.firebase:firebase-auth:23.2.0] AndroidManifest.xml:68:13-37
155            <meta-data
155-->[:firebase_auth] AndroidManifest.xml:9:13-11:85
156                android:name="com.google.firebase.components:io.flutter.plugins.firebase.auth.FlutterFirebaseAuthRegistrar"
156-->[:firebase_auth] AndroidManifest.xml:10:17-124
157                android:value="com.google.firebase.components.ComponentRegistrar" />
157-->[:firebase_auth] AndroidManifest.xml:11:17-82
158            <meta-data
158-->[:cloud_firestore] AndroidManifest.xml:9:13-11:85
159                android:name="com.google.firebase.components:io.flutter.plugins.firebase.firestore.FlutterFirebaseFirestoreRegistrar"
159-->[:cloud_firestore] AndroidManifest.xml:10:17-134
160                android:value="com.google.firebase.components.ComponentRegistrar" />
160-->[:cloud_firestore] AndroidManifest.xml:11:17-82
161            <meta-data
161-->[:cloud_functions] AndroidManifest.xml:9:13-11:85
162                android:name="com.google.firebase.components:io.flutter.plugins.firebase.functions.FlutterFirebaseAppRegistrar"
162-->[:cloud_functions] AndroidManifest.xml:10:17-128
163                android:value="com.google.firebase.components.ComponentRegistrar" />
163-->[:cloud_functions] AndroidManifest.xml:11:17-82
164            <meta-data
164-->[:firebase_messaging] AndroidManifest.xml:36:13-38:85
165                android:name="com.google.firebase.components:io.flutter.plugins.firebase.messaging.FlutterFirebaseAppRegistrar"
165-->[:firebase_messaging] AndroidManifest.xml:37:17-128
166                android:value="com.google.firebase.components.ComponentRegistrar" />
166-->[:firebase_messaging] AndroidManifest.xml:38:17-82
167            <meta-data
167-->[:firebase_core] AndroidManifest.xml:9:13-11:85
168                android:name="com.google.firebase.components:io.flutter.plugins.firebase.core.FlutterFirebaseCoreRegistrar"
168-->[:firebase_core] AndroidManifest.xml:10:17-124
169                android:value="com.google.firebase.components.ComponentRegistrar" />
169-->[:firebase_core] AndroidManifest.xml:11:17-82
170            <meta-data
170-->[com.google.firebase:firebase-auth:23.2.0] AndroidManifest.xml:69:13-71:85
171                android:name="com.google.firebase.components:com.google.firebase.auth.FirebaseAuthRegistrar"
171-->[com.google.firebase:firebase-auth:23.2.0] AndroidManifest.xml:70:17-109
172                android:value="com.google.firebase.components.ComponentRegistrar" />
172-->[com.google.firebase:firebase-auth:23.2.0] AndroidManifest.xml:71:17-82
173            <meta-data
173-->[com.google.firebase:firebase-firestore:25.1.3] AndroidManifest.xml:17:13-19:85
174                android:name="com.google.firebase.components:com.google.firebase.firestore.FirebaseFirestoreKtxRegistrar"
174-->[com.google.firebase:firebase-firestore:25.1.3] AndroidManifest.xml:18:17-122
175                android:value="com.google.firebase.components.ComponentRegistrar" />
175-->[com.google.firebase:firebase-firestore:25.1.3] AndroidManifest.xml:19:17-82
176            <meta-data
176-->[com.google.firebase:firebase-firestore:25.1.3] AndroidManifest.xml:20:13-22:85
177                android:name="com.google.firebase.components:com.google.firebase.firestore.FirestoreRegistrar"
177-->[com.google.firebase:firebase-firestore:25.1.3] AndroidManifest.xml:21:17-111
178                android:value="com.google.firebase.components.ComponentRegistrar" />
178-->[com.google.firebase:firebase-firestore:25.1.3] AndroidManifest.xml:22:17-82
179            <meta-data
179-->[com.google.firebase:firebase-functions:21.2.0] AndroidManifest.xml:15:13-17:85
180                android:name="com.google.firebase.components:com.google.firebase.functions.FirebaseFunctionsKtxRegistrar"
180-->[com.google.firebase:firebase-functions:21.2.0] AndroidManifest.xml:16:17-122
181                android:value="com.google.firebase.components.ComponentRegistrar" />
181-->[com.google.firebase:firebase-functions:21.2.0] AndroidManifest.xml:17:17-82
182            <meta-data
182-->[com.google.firebase:firebase-functions:21.2.0] AndroidManifest.xml:18:13-20:85
183                android:name="com.google.firebase.components:com.google.firebase.functions.FunctionsRegistrar"
183-->[com.google.firebase:firebase-functions:21.2.0] AndroidManifest.xml:19:17-111
184                android:value="com.google.firebase.components.ComponentRegistrar" />
184-->[com.google.firebase:firebase-functions:21.2.0] AndroidManifest.xml:20:17-82
185            <meta-data
185-->[com.google.firebase:firebase-messaging:24.1.1] AndroidManifest.xml:57:13-59:85
186                android:name="com.google.firebase.components:com.google.firebase.messaging.FirebaseMessagingKtxRegistrar"
186-->[com.google.firebase:firebase-messaging:24.1.1] AndroidManifest.xml:58:17-122
187                android:value="com.google.firebase.components.ComponentRegistrar" />
187-->[com.google.firebase:firebase-messaging:24.1.1] AndroidManifest.xml:59:17-82
188            <meta-data
188-->[com.google.firebase:firebase-messaging:24.1.1] AndroidManifest.xml:60:13-62:85
189                android:name="com.google.firebase.components:com.google.firebase.messaging.FirebaseMessagingRegistrar"
189-->[com.google.firebase:firebase-messaging:24.1.1] AndroidManifest.xml:61:17-119
190                android:value="com.google.firebase.components.ComponentRegistrar" />
190-->[com.google.firebase:firebase-messaging:24.1.1] AndroidManifest.xml:62:17-82
191            <meta-data
191-->[com.google.firebase:firebase-iid:21.1.0] AndroidManifest.xml:32:13-34:85
192                android:name="com.google.firebase.components:com.google.firebase.iid.Registrar"
192-->[com.google.firebase:firebase-iid:21.1.0] AndroidManifest.xml:33:17-96
193                android:value="com.google.firebase.components.ComponentRegistrar" />
193-->[com.google.firebase:firebase-iid:21.1.0] AndroidManifest.xml:34:17-82
194            <meta-data
194-->[com.google.firebase:firebase-installations:18.0.0] AndroidManifest.xml:15:13-17:85
195                android:name="com.google.firebase.components:com.google.firebase.installations.FirebaseInstallationsKtxRegistrar"
195-->[com.google.firebase:firebase-installations:18.0.0] AndroidManifest.xml:16:17-130
196                android:value="com.google.firebase.components.ComponentRegistrar" />
196-->[com.google.firebase:firebase-installations:18.0.0] AndroidManifest.xml:17:17-82
197            <meta-data
197-->[com.google.firebase:firebase-installations:18.0.0] AndroidManifest.xml:18:13-20:85
198                android:name="com.google.firebase.components:com.google.firebase.installations.FirebaseInstallationsRegistrar"
198-->[com.google.firebase:firebase-installations:18.0.0] AndroidManifest.xml:19:17-127
199                android:value="com.google.firebase.components.ComponentRegistrar" />
199-->[com.google.firebase:firebase-installations:18.0.0] AndroidManifest.xml:20:17-82
200            <meta-data
200-->[com.google.firebase:firebase-common-ktx:21.0.0] AndroidManifest.xml:12:13-14:85
201                android:name="com.google.firebase.components:com.google.firebase.ktx.FirebaseCommonLegacyRegistrar"
201-->[com.google.firebase:firebase-common-ktx:21.0.0] AndroidManifest.xml:13:17-116
202                android:value="com.google.firebase.components.ComponentRegistrar" />
202-->[com.google.firebase:firebase-common-ktx:21.0.0] AndroidManifest.xml:14:17-82
203            <meta-data
203-->[com.google.firebase:firebase-common:21.0.0] AndroidManifest.xml:35:13-37:85
204                android:name="com.google.firebase.components:com.google.firebase.FirebaseCommonKtxRegistrar"
204-->[com.google.firebase:firebase-common:21.0.0] AndroidManifest.xml:36:17-109
205                android:value="com.google.firebase.components.ComponentRegistrar" />
205-->[com.google.firebase:firebase-common:21.0.0] AndroidManifest.xml:37:17-82
206            <meta-data
206-->[com.google.firebase:firebase-datatransport:18.2.0] AndroidManifest.xml:25:13-27:85
207                android:name="com.google.firebase.components:com.google.firebase.datatransport.TransportRegistrar"
207-->[com.google.firebase:firebase-datatransport:18.2.0] AndroidManifest.xml:26:17-115
208                android:value="com.google.firebase.components.ComponentRegistrar" />
208-->[com.google.firebase:firebase-datatransport:18.2.0] AndroidManifest.xml:27:17-82
209        </service>
210        <service
210-->[:firebase_messaging] AndroidManifest.xml:14:9-17:72
211            android:name="io.flutter.plugins.firebase.messaging.FlutterFirebaseMessagingBackgroundService"
211-->[:firebase_messaging] AndroidManifest.xml:15:13-107
212            android:exported="false"
212-->[:firebase_messaging] AndroidManifest.xml:16:13-37
213            android:permission="android.permission.BIND_JOB_SERVICE" />
213-->[:firebase_messaging] AndroidManifest.xml:17:13-69
214        <service
214-->[:firebase_messaging] AndroidManifest.xml:18:9-24:19
215            android:name="io.flutter.plugins.firebase.messaging.FlutterFirebaseMessagingService"
215-->[:firebase_messaging] AndroidManifest.xml:19:13-97
216            android:exported="false" >
216-->[:firebase_messaging] AndroidManifest.xml:20:13-37
217            <intent-filter>
217-->[:firebase_messaging] AndroidManifest.xml:21:13-23:29
218                <action android:name="com.google.firebase.MESSAGING_EVENT" />
218-->[:firebase_messaging] AndroidManifest.xml:22:17-78
218-->[:firebase_messaging] AndroidManifest.xml:22:25-75
219            </intent-filter>
220        </service>
221
222        <receiver
222-->[:firebase_messaging] AndroidManifest.xml:26:9-33:20
223            android:name="io.flutter.plugins.firebase.messaging.FlutterFirebaseMessagingReceiver"
223-->[:firebase_messaging] AndroidManifest.xml:27:13-98
224            android:exported="true"
224-->[:firebase_messaging] AndroidManifest.xml:28:13-36
225            android:permission="com.google.android.c2dm.permission.SEND" >
225-->[:firebase_messaging] AndroidManifest.xml:29:13-73
226            <intent-filter>
226-->[:firebase_messaging] AndroidManifest.xml:30:13-32:29
227                <action android:name="com.google.android.c2dm.intent.RECEIVE" />
227-->[:firebase_messaging] AndroidManifest.xml:31:17-81
227-->[:firebase_messaging] AndroidManifest.xml:31:25-78
228            </intent-filter>
229        </receiver>
230
231        <provider
231-->[:firebase_messaging] AndroidManifest.xml:41:9-45:38
232            android:name="io.flutter.plugins.firebase.messaging.FlutterFirebaseMessagingInitProvider"
232-->[:firebase_messaging] AndroidManifest.xml:42:13-102
233            android:authorities="com.example.cronocourse.flutterfirebasemessaginginitprovider"
233-->[:firebase_messaging] AndroidManifest.xml:43:13-88
234            android:exported="false"
234-->[:firebase_messaging] AndroidManifest.xml:44:13-37
235            android:initOrder="99" />
235-->[:firebase_messaging] AndroidManifest.xml:45:13-35
236
237        <activity
237-->[com.google.firebase:firebase-auth:23.2.0] AndroidManifest.xml:29:9-46:20
238            android:name="com.google.firebase.auth.internal.GenericIdpActivity"
238-->[com.google.firebase:firebase-auth:23.2.0] AndroidManifest.xml:30:13-80
239            android:excludeFromRecents="true"
239-->[com.google.firebase:firebase-auth:23.2.0] AndroidManifest.xml:31:13-46
240            android:exported="true"
240-->[com.google.firebase:firebase-auth:23.2.0] AndroidManifest.xml:32:13-36
241            android:launchMode="singleTask"
241-->[com.google.firebase:firebase-auth:23.2.0] AndroidManifest.xml:33:13-44
242            android:theme="@android:style/Theme.Translucent.NoTitleBar" >
242-->[com.google.firebase:firebase-auth:23.2.0] AndroidManifest.xml:34:13-72
243            <intent-filter>
243-->[com.google.firebase:firebase-auth:23.2.0] AndroidManifest.xml:35:13-45:29
244                <action android:name="android.intent.action.VIEW" />
244-->[com.stripe:financial-connections:20.52.3] AndroidManifest.xml:14:13-65
244-->[com.stripe:financial-connections:20.52.3] AndroidManifest.xml:14:21-62
245
246                <category android:name="android.intent.category.DEFAULT" />
246-->[com.stripe:financial-connections:20.52.3] AndroidManifest.xml:28:17-76
246-->[com.stripe:financial-connections:20.52.3] AndroidManifest.xml:28:27-73
247                <category android:name="android.intent.category.BROWSABLE" />
247-->[com.stripe:financial-connections:20.52.3] AndroidManifest.xml:29:17-78
247-->[com.stripe:financial-connections:20.52.3] AndroidManifest.xml:29:27-75
248
249                <data
249-->src/main/AndroidManifest.xml:42:13-50
250                    android:host="firebase.auth"
251                    android:path="/"
252                    android:scheme="genericidp" />
253            </intent-filter>
254        </activity>
255        <activity
255-->[com.google.firebase:firebase-auth:23.2.0] AndroidManifest.xml:47:9-64:20
256            android:name="com.google.firebase.auth.internal.RecaptchaActivity"
256-->[com.google.firebase:firebase-auth:23.2.0] AndroidManifest.xml:48:13-79
257            android:excludeFromRecents="true"
257-->[com.google.firebase:firebase-auth:23.2.0] AndroidManifest.xml:49:13-46
258            android:exported="true"
258-->[com.google.firebase:firebase-auth:23.2.0] AndroidManifest.xml:50:13-36
259            android:launchMode="singleTask"
259-->[com.google.firebase:firebase-auth:23.2.0] AndroidManifest.xml:51:13-44
260            android:theme="@android:style/Theme.Translucent.NoTitleBar" >
260-->[com.google.firebase:firebase-auth:23.2.0] AndroidManifest.xml:52:13-72
261            <intent-filter>
261-->[com.google.firebase:firebase-auth:23.2.0] AndroidManifest.xml:53:13-63:29
262                <action android:name="android.intent.action.VIEW" />
262-->[com.stripe:financial-connections:20.52.3] AndroidManifest.xml:14:13-65
262-->[com.stripe:financial-connections:20.52.3] AndroidManifest.xml:14:21-62
263
264                <category android:name="android.intent.category.DEFAULT" />
264-->[com.stripe:financial-connections:20.52.3] AndroidManifest.xml:28:17-76
264-->[com.stripe:financial-connections:20.52.3] AndroidManifest.xml:28:27-73
265                <category android:name="android.intent.category.BROWSABLE" />
265-->[com.stripe:financial-connections:20.52.3] AndroidManifest.xml:29:17-78
265-->[com.stripe:financial-connections:20.52.3] AndroidManifest.xml:29:27-75
266
267                <data
267-->src/main/AndroidManifest.xml:42:13-50
268                    android:host="firebase.auth"
269                    android:path="/"
270                    android:scheme="recaptcha" />
271            </intent-filter>
272        </activity>
273
274        <receiver
274-->[com.google.firebase:firebase-messaging:24.1.1] AndroidManifest.xml:29:9-40:20
275            android:name="com.google.firebase.iid.FirebaseInstanceIdReceiver"
275-->[com.google.firebase:firebase-messaging:24.1.1] AndroidManifest.xml:30:13-78
276            android:exported="true"
276-->[com.google.firebase:firebase-messaging:24.1.1] AndroidManifest.xml:31:13-36
277            android:permission="com.google.android.c2dm.permission.SEND" >
277-->[com.google.firebase:firebase-messaging:24.1.1] AndroidManifest.xml:32:13-73
278            <intent-filter>
278-->[:firebase_messaging] AndroidManifest.xml:30:13-32:29
279                <action android:name="com.google.android.c2dm.intent.RECEIVE" />
279-->[:firebase_messaging] AndroidManifest.xml:31:17-81
279-->[:firebase_messaging] AndroidManifest.xml:31:25-78
280            </intent-filter>
281
282            <meta-data
282-->[com.google.firebase:firebase-messaging:24.1.1] AndroidManifest.xml:37:13-39:40
283                android:name="com.google.android.gms.cloudmessaging.FINISHED_AFTER_HANDLED"
283-->[com.google.firebase:firebase-messaging:24.1.1] AndroidManifest.xml:38:17-92
284                android:value="true" />
284-->[com.google.firebase:firebase-messaging:24.1.1] AndroidManifest.xml:39:17-37
285        </receiver>
286        <!--
287             FirebaseMessagingService performs security checks at runtime,
288             but set to not exported to explicitly avoid allowing another app to call it.
289        -->
290        <service
290-->[com.google.firebase:firebase-messaging:24.1.1] AndroidManifest.xml:46:9-53:19
291            android:name="com.google.firebase.messaging.FirebaseMessagingService"
291-->[com.google.firebase:firebase-messaging:24.1.1] AndroidManifest.xml:47:13-82
292            android:directBootAware="true"
292-->[com.google.firebase:firebase-messaging:24.1.1] AndroidManifest.xml:48:13-43
293            android:exported="false" >
293-->[com.google.firebase:firebase-messaging:24.1.1] AndroidManifest.xml:49:13-37
294            <intent-filter android:priority="-500" >
294-->[:firebase_messaging] AndroidManifest.xml:21:13-23:29
295                <action android:name="com.google.firebase.MESSAGING_EVENT" />
295-->[:firebase_messaging] AndroidManifest.xml:22:17-78
295-->[:firebase_messaging] AndroidManifest.xml:22:25-75
296            </intent-filter>
297        </service>
298
299        <provider
299-->[com.google.firebase:firebase-common:21.0.0] AndroidManifest.xml:23:9-28:39
300            android:name="com.google.firebase.provider.FirebaseInitProvider"
300-->[com.google.firebase:firebase-common:21.0.0] AndroidManifest.xml:24:13-77
301            android:authorities="com.example.cronocourse.firebaseinitprovider"
301-->[com.google.firebase:firebase-common:21.0.0] AndroidManifest.xml:25:13-72
302            android:directBootAware="true"
302-->[com.google.firebase:firebase-common:21.0.0] AndroidManifest.xml:26:13-43
303            android:exported="false"
303-->[com.google.firebase:firebase-common:21.0.0] AndroidManifest.xml:27:13-37
304            android:initOrder="100" />
304-->[com.google.firebase:firebase-common:21.0.0] AndroidManifest.xml:28:13-36
305
306        <activity